{"name": "Add product and check", "status": "broken", "statusDetails": {"message": "selenium.common.exceptions.TimeoutException: Message: \nStacktrace:\n0   chromedriver                        0x000000010116e4c8 chromedriver + 4302024\n1   chromedriver                        0x0000000101166e10 chromedriver + 4271632\n2   chromedriver                        0x0000000100d9819c chromedriver + 278940\n3   chromedriver                        0x0000000100dda2c4 chromedriver + 549572\n4   chromedriver                        0x0000000100e12c5c chromedriver + 781404\n5   chromedriver                        0x0000000100dcf004 chromedriver + 503812\n6   chromedriver                        0x0000000100dcf9ec chromedriver + 506348\n7   chromedriver                        0x0000000101136510 chromedriver + 4072720\n8   chromedriver                        0x000000010113afbc chromedriver + 4091836\n9   chromedriver                        0x000000010111d754 chromedriver + 3970900\n10  chromedriver                        0x000000010113b8a4 chromedriver + 4094116\n11  chromedriver                        0x00000001011106d4 chromedriver + 3917524\n12  chromedriver                        0x0000000101158b08 chromedriver + 4213512\n13  chromedriver                        0x0000000101158c84 chromedriver + 4213892\n14  chromedriver                        0x0000000101166a08 chromedriver + 4270600\n15  libsystem_pthread.dylib             0x0000000182a96f94 _pthread_start + 136\n16  libsystem_pthread.dylib             0x0000000182a91d34 thread_start + 8", "trace": "self = <test_add_product_API.TestAddProductE2E object at 0x105363a00>, login = <pages.login_page.LoginPage object at 0x1055004f0>\n\n    @allure.title(\"Add product and check\")\n    @allure.severity(\"Critical\")\n    @pytest.mark.smoke\n    def test_add_product_e2e(self, login):\n        with allure.step(\"Open inventory page\"):\n            self.inventory_page.is_opened()\n    \n        with allure.step(\"Open add product page\"):\n            self.add_product_page.open_add_page()\n    \n        with allure.step(\"Enter barcode and select product\"):\n            expected_sku = self.add_product_page.enter_barcode_autocomplete(6912301014638)\n            self.add_product_page.select_product_autocomplete()\n            self.add_product_page.click_done_button()\n    \n        with allure.step(\"Wait for API response\"):\n            # Увеличьте время ожидания для обновления данных\n            time.sleep(10)\n    \n        with allure.step(\"Get product name\"):\n>           product_name = self.add_product_page.get_name()\n\ntests/e2e_tests/test_add_product_API.py:32: \n_ _ _ _ _ _ _ _ _ _ _ _ _ _ _ _ _ _ _ _ _ _ _ _ _ _ _ _ _ _ _ _ _ _ _ _ _ _ _ _ _ _ _ _ _ _ _ _ _ _ _ _ _ _ _ _ _ _ _ _ _ _ _ _ _ _ _ _ _ _ _ _ _ _ _ _ _ _ _ _ _ \npages/add_product_page.py:63: in get_name\n    name = self.wait.until(EC.presence_of_element_located(self.NAME_FIELD)).text\n_ _ _ _ _ _ _ _ _ _ _ _ _ _ _ _ _ _ _ _ _ _ _ _ _ _ _ _ _ _ _ _ _ _ _ _ _ _ _ _ _ _ _ _ _ _ _ _ _ _ _ _ _ _ _ _ _ _ _ _ _ _ _ _ _ _ _ _ _ _ _ _ _ _ _ _ _ _ _ _ _ \n\nself = <selenium.webdriver.support.wait.WebDriverWait (session=\"1b63061c89641903b85347c3da2959e6\")>\nmethod = <function presence_of_element_located.<locals>._predicate at 0x101ec2560>, message = ''\n\n    def until(self, method: Callable[[WebDriver], Union[Literal[False], T]], message: str = \"\") -> T:\n        \"\"\"Calls the method provided with the driver as an argument until the \\\n        return value does not evaluate to ``False``.\n    \n        :param method: callable(WebDriver)\n        :param message: optional message for :exc:`TimeoutException`\n        :returns: the result of the last call to `method`\n        :raises: :exc:`selenium.common.exceptions.TimeoutException` if timeout occurs\n        \"\"\"\n        screen = None\n        stacktrace = None\n    \n        end_time = time.monotonic() + self._timeout\n        while True:\n            try:\n                value = method(self._driver)\n                if value:\n                    return value\n            except self._ignored_exceptions as exc:\n                screen = getattr(exc, \"screen\", None)\n                stacktrace = getattr(exc, \"stacktrace\", None)\n            time.sleep(self._poll)\n            if time.monotonic() > end_time:\n                break\n>       raise TimeoutException(message, screen, stacktrace)\nE       selenium.common.exceptions.TimeoutException: Message: \nE       Stacktrace:\nE       0   chromedriver                        0x000000010116e4c8 chromedriver + 4302024\nE       1   chromedriver                        0x0000000101166e10 chromedriver + 4271632\nE       2   chromedriver                        0x0000000100d9819c chromedriver + 278940\nE       3   chromedriver                        0x0000000100dda2c4 chromedriver + 549572\nE       4   chromedriver                        0x0000000100e12c5c chromedriver + 781404\nE       5   chromedriver                        0x0000000100dcf004 chromedriver + 503812\nE       6   chromedriver                        0x0000000100dcf9ec chromedriver + 506348\nE       7   chromedriver                        0x0000000101136510 chromedriver + 4072720\nE       8   chromedriver                        0x000000010113afbc chromedriver + 4091836\nE       9   chromedriver                        0x000000010111d754 chromedriver + 3970900\nE       10  chromedriver                        0x000000010113b8a4 chromedriver + 4094116\nE       11  chromedriver                        0x00000001011106d4 chromedriver + 3917524\nE       12  chromedriver                        0x0000000101158b08 chromedriver + 4213512\nE       13  chromedriver                        0x0000000101158c84 chromedriver + 4213892\nE       14  chromedriver                        0x0000000101166a08 chromedriver + 4270600\nE       15  libsystem_pthread.dylib             0x0000000182a96f94 _pthread_start + 136\nE       16  libsystem_pthread.dylib             0x0000000182a91d34 thread_start + 8\n\nvenv/lib/python3.10/site-packages/selenium/webdriver/support/wait.py:101: TimeoutException"}, "steps": [{"name": "Open inventory page", "status": "passed", "steps": [{"name": "Page https://seller-app-stg.web.app/40/inventory is opened", "status": "passed", "start": 1718455355060, "stop": 1718455355065}], "start": 1718455355060, "stop": 1718455355065}, {"name": "Open add product page", "status": "passed", "steps": [{"name": "Open  add page", "status": "passed", "start": 1718455355065, "stop": 1718455355312}], "start": 1718455355065, "stop": 1718455355312}, {"name": "Enter barcode and select product", "status": "passed", "steps": [{"name": "Enter barcode autocomplete", "status": "passed", "parameters": [{"name": "barcode", "value": "6912301014638"}], "start": 1718455355312, "stop": 1718455355403}, {"name": "Select product from product list autocomplete", "status": "passed", "start": 1718455355403, "stop": 1718455358500}, {"name": "Click Done button", "status": "passed", "start": 1718455358500, "stop": 1718455374778}], "start": 1718455355312, "stop": 1718455374778}, {"name": "Wait for API response", "status": "passed", "start": 1718455374778, "stop": 1718455384781}, {"name": "Get product name", "status": "broken", "statusDetails": {"message": "selenium.common.exceptions.TimeoutException: Message: \nStacktrace:\n0   chromedriver                        0x000000010116e4c8 chromedriver + 4302024\n1   chromedriver                        0x0000000101166e10 chromedriver + 4271632\n2   chromedriver                        0x0000000100d9819c chromedriver + 278940\n3   chromedriver                        0x0000000100dda2c4 chromedriver + 549572\n4   chromedriver                        0x0000000100e12c5c chromedriver + 781404\n5   chromedriver                        0x0000000100dcf004 chromedriver + 503812\n6   chromedriver                        0x0000000100dcf9ec chromedriver + 506348\n7   chromedriver                        0x0000000101136510 chromedriver + 4072720\n8   chromedriver                        0x000000010113afbc chromedriver + 4091836\n9   chromedriver                        0x000000010111d754 chromedriver + 3970900\n10  chromedriver                        0x000000010113b8a4 chromedriver + 4094116\n11  chromedriver                        0x00000001011106d4 chromedriver + 3917524\n12  chromedriver                        0x0000000101158b08 chromedriver + 4213512\n13  chromedriver                        0x0000000101158c84 chromedriver + 4213892\n14  chromedriver                        0x0000000101166a08 chromedriver + 4270600\n15  libsystem_pthread.dylib             0x0000000182a96f94 _pthread_start + 136\n16  libsystem_pthread.dylib             0x0000000182a91d34 thread_start + 8\n\n", "trace": "  File \"/Users/ekaterinasimakova/QA_automation/SellerApp/tests/e2e_tests/test_add_product_API.py\", line 32, in test_add_product_e2e\n    product_name = self.add_product_page.get_name()\n  File \"/Users/ekaterinasimakova/QA_automation/SellerApp/venv/lib/python3.10/site-packages/allure_commons/_allure.py\", line 192, in impl\n    return func(*a, **kw)\n  File \"/Users/ekaterinasimakova/QA_automation/SellerApp/pages/add_product_page.py\", line 63, in get_name\n    name = self.wait.until(EC.presence_of_element_located(self.NAME_FIELD)).text\n  File \"/Users/ekaterinasimakova/QA_automation/SellerApp/venv/lib/python3.10/site-packages/selenium/webdriver/support/wait.py\", line 101, in until\n    raise TimeoutException(message, screen, stacktrace)\n"}, "steps": [{"name": "Get name from name field", "status": "broken", "statusDetails": {"message": "selenium.common.exceptions.TimeoutException: Message: \nStacktrace:\n0   chromedriver                        0x000000010116e4c8 chromedriver + 4302024\n1   chromedriver                        0x0000000101166e10 chromedriver + 4271632\n2   chromedriver                        0x0000000100d9819c chromedriver + 278940\n3   chromedriver                        0x0000000100dda2c4 chromedriver + 549572\n4   chromedriver                        0x0000000100e12c5c chromedriver + 781404\n5   chromedriver                        0x0000000100dcf004 chromedriver + 503812\n6   chromedriver                        0x0000000100dcf9ec chromedriver + 506348\n7   chromedriver                        0x0000000101136510 chromedriver + 4072720\n8   chromedriver                        0x000000010113afbc chromedriver + 4091836\n9   chromedriver                        0x000000010111d754 chromedriver + 3970900\n10  chromedriver                        0x000000010113b8a4 chromedriver + 4094116\n11  chromedriver                        0x00000001011106d4 chromedriver + 3917524\n12  chromedriver                        0x0000000101158b08 chromedriver + 4213512\n13  chromedriver                        0x0000000101158c84 chromedriver + 4213892\n14  chromedriver                        0x0000000101166a08 chromedriver + 4270600\n15  libsystem_pthread.dylib             0x0000000182a96f94 _pthread_start + 136\n16  libsystem_pthread.dylib             0x0000000182a91d34 thread_start + 8\n\n", "trace": "  File \"/Users/ekaterinasimakova/QA_automation/SellerApp/venv/lib/python3.10/site-packages/allure_commons/_allure.py\", line 192, in impl\n    return func(*a, **kw)\n  File \"/Users/ekaterinasimakova/QA_automation/SellerApp/pages/add_product_page.py\", line 63, in get_name\n    name = self.wait.until(EC.presence_of_element_located(self.NAME_FIELD)).text\n  File \"/Users/ekaterinasimakova/QA_automation/SellerApp/venv/lib/python3.10/site-packages/selenium/webdriver/support/wait.py\", line 101, in until\n    raise TimeoutException(message, screen, stacktrace)\n"}, "start": 1718455384781, "stop": 1718455400031}], "start": 1718455384781, "stop": 1718455400035}], "attachments": [{"name": "stdout", "source": "0000aaf2-0a37-4b74-8280-a62e420f9b0b-attachment.txt", "type": "text/plain"}], "start": 1718455355060, "stop": 1718455400036, "uuid": "eaaed041-f695-4a78-867b-2ce5c6d4b942", "historyId": "f6848b911e2ca9e9d40ded56cabf2330", "testCaseId": "f6848b911e2ca9e9d40ded56cabf2330", "fullName": "tests.e2e_tests.test_add_product_API.TestAddProductE2E#test_add_product_e2e", "labels": [{"name": "severity", "value": "Critical"}, {"name": "feature", "value": "E2E"}, {"name": "tag", "value": "smoke"}, {"name": "parentSuite", "value": "tests.e2e_tests"}, {"name": "suite", "value": "test_add_product_API"}, {"name": "subSuite", "value": "TestAddProductE2E"}, {"name": "host", "value": "Ekaterinas-MBP"}, {"name": "thread", "value": "52989-MainThread"}, {"name": "framework", "value": "pytest"}, {"name": "language", "value": "cpython3"}, {"name": "package", "value": "tests.e2e_tests.test_add_product_API"}]}