{"name": "Successful signup with images", "status": "broken", "statusDetails": {"message": "selenium.common.exceptions.ElementClickInterceptedException: Message: element click intercepted: Element <button type=\"submit\" class=\"ant-btn ant-btn-primary ant-btn-lg ant-btn-block\">...</button> is not clickable at point (250, 474). Other element would receive the click: <div tabindex=\"-1\" class=\"ant-modal-wrap\" role=\"dialog\">...</div>\n  (Session info: chrome=122.0.6261.112)\nStacktrace:\n0   chromedriver                        0x000000010d58e2a8 chromedriver + 4625064\n1   chromedriver                        0x000000010d585e53 chromedriver + 4591187\n2   chromedriver                        0x000000010d184e6a chromedriver + 392810\n3   chromedriver                        0x000000010d1d7113 chromedriver + 729363\n4   chromedriver                        0x000000010d1d4fe1 chromedriver + 720865\n5   chromedriver                        0x000000010d1d2a17 chromedriver + 711191\n6   chromedriver                        0x000000010d1d1de2 chromedriver + 708066\n7   chromedriver                        0x000000010d1c5427 chromedriver + 656423\n8   chromedriver                        0x000000010d1f2872 chromedriver + 841842\n9   chromedriver                        0x000000010d1c4db8 chromedriver + 654776\n10  chromedriver                        0x000000010d1f2a2e chromedriver + 842286\n11  chromedriver                        0x000000010d21168f chromedriver + 968335\n12  chromedriver                        0x000000010d1f2613 chromedriver + 841235\n13  chromedriver                        0x000000010d1c33da chromedriver + 648154\n14  chromedriver                        0x000000010d1c3d1e chromedriver + 650526\n15  chromedriver                        0x000000010d54ea70 chromedriver + 4364912\n16  chromedriver                        0x000000010d553e36 chromedriver + 4386358\n17  chromedriver                        0x000000010d5336de chromedriver + 4253406\n18  chromedriver                        0x000000010d554b79 chromedriver + 4389753\n19  chromedriver                        0x000000010d525a29 chromedriver + 4196905\n20  chromedriver                        0x000000010d574b28 chromedriver + 4520744\n21  chromedriver                        0x000000010d574d07 chromedriver + 4521223\n22  chromedriver                        0x000000010d585a93 chromedriver + 4590227\n23  libsystem_pthread.dylib             0x00007ff815dec1d3 _pthread_start + 125\n24  libsystem_pthread.dylib             0x00007ff815de7bd3 thread_start + 15", "trace": "self = <test_signup.TestSignup object at 0x112136d40>\n\n    @allure.title(\"Successful signup with images\")\n    @allure.severity(\"Critical\")\n    @pytest.mark.sanity\n    def test_successful_signup_with_images(self):\n        generated_username = self.signup_and_fill_onboarding(use_default_images=False)\n>       self.login_and_goto_store_settings(generated_username)\n\ntests/sanity_tests/test_signup.py:45: \n_ _ _ _ _ _ _ _ _ _ _ _ _ _ _ _ _ _ _ _ _ _ _ _ _ _ _ _ _ _ _ _ _ _ _ _ _ _ _ _ _ _ _ _ _ _ _ _ _ _ _ _ _ _ _ _ _ _ _ _ _ _ _ _ _ _ _ _ _ _ _ _ \ntests/sanity_tests/test_signup.py:28: in login_and_goto_store_settings\n    self.login_page.login_with_generated_username(generated_username)\npages/login_page.py:51: in login_with_generated_username\n    self.wait.until(EC.element_to_be_clickable(self.SUBMIT_LOGIN)).click()\n/Library/Frameworks/Python.framework/Versions/3.10/lib/python3.10/site-packages/selenium/webdriver/remote/webelement.py:93: in click\n    self._execute(Command.CLICK_ELEMENT)\n/Library/Frameworks/Python.framework/Versions/3.10/lib/python3.10/site-packages/selenium/webdriver/remote/webelement.py:394: in _execute\n    return self._parent.execute(command, params)\n/Library/Frameworks/Python.framework/Versions/3.10/lib/python3.10/site-packages/selenium/webdriver/remote/webdriver.py:347: in execute\n    self.error_handler.check_response(response)\n_ _ _ _ _ _ _ _ _ _ _ _ _ _ _ _ _ _ _ _ _ _ _ _ _ _ _ _ _ _ _ _ _ _ _ _ _ _ _ _ _ _ _ _ _ _ _ _ _ _ _ _ _ _ _ _ _ _ _ _ _ _ _ _ _ _ _ _ _ _ _ _ \n\nself = <selenium.webdriver.remote.errorhandler.ErrorHandler object at 0x1123273a0>\nresponse = {'status': 400, 'value': '{\"value\":{\"error\":\"element click intercepted\",\"message\":\"element click intercepted: Element ...ff815dec1d3 _pthread_start + 125\\\\n24  libsystem_pthread.dylib             0x00007ff815de7bd3 thread_start + 15\\\\n\"}}'}\n\n    def check_response(self, response: Dict[str, Any]) -> None:\n        \"\"\"Checks that a JSON response from the WebDriver does not have an\n        error.\n    \n        :Args:\n         - response - The JSON response from the WebDriver server as a dictionary\n           object.\n    \n        :Raises: If the response contains an error message.\n        \"\"\"\n        status = response.get(\"status\", None)\n        if not status or status == ErrorCode.SUCCESS:\n            return\n        value = None\n        message = response.get(\"message\", \"\")\n        screen: str = response.get(\"screen\", \"\")\n        stacktrace = None\n        if isinstance(status, int):\n            value_json = response.get(\"value\", None)\n            if value_json and isinstance(value_json, str):\n                import json\n    \n                try:\n                    value = json.loads(value_json)\n                    if len(value) == 1:\n                        value = value[\"value\"]\n                    status = value.get(\"error\", None)\n                    if not status:\n                        status = value.get(\"status\", ErrorCode.UNKNOWN_ERROR)\n                        message = value.get(\"value\") or value.get(\"message\")\n                        if not isinstance(message, str):\n                            value = message\n                            message = message.get(\"message\")\n                    else:\n                        message = value.get(\"message\", None)\n                except ValueError:\n                    pass\n    \n        exception_class: Type[WebDriverException]\n        e = ErrorCode()\n        error_codes = [item for item in dir(e) if not item.startswith(\"__\")]\n        for error_code in error_codes:\n            error_info = getattr(ErrorCode, error_code)\n            if isinstance(error_info, list) and status in error_info:\n                exception_class = getattr(ExceptionMapping, error_code, WebDriverException)\n                break\n        else:\n            exception_class = WebDriverException\n    \n        if not value:\n            value = response[\"value\"]\n        if isinstance(value, str):\n            raise exception_class(value)\n        if message == \"\" and \"message\" in value:\n            message = value[\"message\"]\n    \n        screen = None  # type: ignore[assignment]\n        if \"screen\" in value:\n            screen = value[\"screen\"]\n    \n        stacktrace = None\n        st_value = value.get(\"stackTrace\") or value.get(\"stacktrace\")\n        if st_value:\n            if isinstance(st_value, str):\n                stacktrace = st_value.split(\"\\n\")\n            else:\n                stacktrace = []\n                try:\n                    for frame in st_value:\n                        line = frame.get(\"lineNumber\", \"\")\n                        file = frame.get(\"fileName\", \"<anonymous>\")\n                        if line:\n                            file = f\"{file}:{line}\"\n                        meth = frame.get(\"methodName\", \"<anonymous>\")\n                        if \"className\" in frame:\n                            meth = f\"{frame['className']}.{meth}\"\n                        msg = \"    at %s (%s)\"\n                        msg = msg % (meth, file)\n                        stacktrace.append(msg)\n                except TypeError:\n                    pass\n        if exception_class == UnexpectedAlertPresentException:\n            alert_text = None\n            if \"data\" in value:\n                alert_text = value[\"data\"].get(\"text\")\n            elif \"alert\" in value:\n                alert_text = value[\"alert\"].get(\"text\")\n            raise exception_class(message, screen, stacktrace, alert_text)  # type: ignore[call-arg]  # mypy is not smart enough here\n>       raise exception_class(message, screen, stacktrace)\nE       selenium.common.exceptions.ElementClickInterceptedException: Message: element click intercepted: Element <button type=\"submit\" class=\"ant-btn ant-btn-primary ant-btn-lg ant-btn-block\">...</button> is not clickable at point (250, 474). Other element would receive the click: <div tabindex=\"-1\" class=\"ant-modal-wrap\" role=\"dialog\">...</div>\nE         (Session info: chrome=122.0.6261.112)\nE       Stacktrace:\nE       0   chromedriver                        0x000000010d58e2a8 chromedriver + 4625064\nE       1   chromedriver                        0x000000010d585e53 chromedriver + 4591187\nE       2   chromedriver                        0x000000010d184e6a chromedriver + 392810\nE       3   chromedriver                        0x000000010d1d7113 chromedriver + 729363\nE       4   chromedriver                        0x000000010d1d4fe1 chromedriver + 720865\nE       5   chromedriver                        0x000000010d1d2a17 chromedriver + 711191\nE       6   chromedriver                        0x000000010d1d1de2 chromedriver + 708066\nE       7   chromedriver                        0x000000010d1c5427 chromedriver + 656423\nE       8   chromedriver                        0x000000010d1f2872 chromedriver + 841842\nE       9   chromedriver                        0x000000010d1c4db8 chromedriver + 654776\nE       10  chromedriver                        0x000000010d1f2a2e chromedriver + 842286\nE       11  chromedriver                        0x000000010d21168f chromedriver + 968335\nE       12  chromedriver                        0x000000010d1f2613 chromedriver + 841235\nE       13  chromedriver                        0x000000010d1c33da chromedriver + 648154\nE       14  chromedriver                        0x000000010d1c3d1e chromedriver + 650526\nE       15  chromedriver                        0x000000010d54ea70 chromedriver + 4364912\nE       16  chromedriver                        0x000000010d553e36 chromedriver + 4386358\nE       17  chromedriver                        0x000000010d5336de chromedriver + 4253406\nE       18  chromedriver                        0x000000010d554b79 chromedriver + 4389753\nE       19  chromedriver                        0x000000010d525a29 chromedriver + 4196905\nE       20  chromedriver                        0x000000010d574b28 chromedriver + 4520744\nE       21  chromedriver                        0x000000010d574d07 chromedriver + 4521223\nE       22  chromedriver                        0x000000010d585a93 chromedriver + 4590227\nE       23  libsystem_pthread.dylib             0x00007ff815dec1d3 _pthread_start + 125\nE       24  libsystem_pthread.dylib             0x00007ff815de7bd3 thread_start + 15\n\n/Library/Frameworks/Python.framework/Versions/3.10/lib/python3.10/site-packages/selenium/webdriver/remote/errorhandler.py:229: ElementClickInterceptedException"}, "steps": [{"name": "Open https://tng-ta.web.app/signUp page", "status": "passed", "start": 1710327397647, "stop": 1710327398757}, {"name": "Fill signup form", "status": "passed", "start": 1710327398757, "stop": 1710327399234}, {"name": "Page https://tng-ta.web.app/onboarding is opened", "status": "passed", "start": 1710327399234, "stop": 1710327399238}, {"name": "Fill onboarding form", "status": "passed", "parameters": [{"name": "storeName", "value": "'Hero'"}, {"name": "city", "value": "'Ashkelon'"}, {"name": "street", "value": "'Hashaetet'"}, {"name": "phoneNumber", "value": "'999'"}], "start": 1710327399238, "stop": 1710327400796}, {"name": "Add banner and avatar images", "status": "passed", "start": 1710327400796, "stop": 1710327406911}, {"name": "Add description", "status": "passed", "start": 1710327411914, "stop": 1710327412092}, {"name": "Submit onboarding form", "status": "passed", "start": 1710327412092, "stop": 1710327416268}, {"name": "Page https://tng-ta.web.app/signIn is opened", "status": "passed", "start": 1710327416268, "stop": 1710327416271}, {"name": "Login with generated username", "status": "broken", "statusDetails": {"message": "selenium.common.exceptions.ElementClickInterceptedException: Message: element click intercepted: Element <button type=\"submit\" class=\"ant-btn ant-btn-primary ant-btn-lg ant-btn-block\">...</button> is not clickable at point (250, 474). Other element would receive the click: <div tabindex=\"-1\" class=\"ant-modal-wrap\" role=\"dialog\">...</div>\n  (Session info: chrome=122.0.6261.112)\nStacktrace:\n0   chromedriver                        0x000000010d58e2a8 chromedriver + 4625064\n1   chromedriver                        0x000000010d585e53 chromedriver + 4591187\n2   chromedriver                        0x000000010d184e6a chromedriver + 392810\n3   chromedriver                        0x000000010d1d7113 chromedriver + 729363\n4   chromedriver                        0x000000010d1d4fe1 chromedriver + 720865\n5   chromedriver                        0x000000010d1d2a17 chromedriver + 711191\n6   chromedriver                        0x000000010d1d1de2 chromedriver + 708066\n7   chromedriver                        0x000000010d1c5427 chromedriver + 656423\n8   chromedriver                        0x000000010d1f2872 chromedriver + 841842\n9   chromedriver                        0x000000010d1c4db8 chromedriver + 654776\n10  chromedriver                        0x000000010d1f2a2e chromedriver + 842286\n11  chromedriver                        0x000000010d21168f chromedriver + 968335\n12  chromedriver                        0x000000010d1f2613 chromedriver + 841235\n13  chromedriver                        0x000000010d1c33da chromedriver + 648154\n14  chromedriver                        0x000000010d1c3d1e chromedriver + 650526\n15  chromedriver                        0x000000010d54ea70 chromedriver + 4364912\n16  chromedriver                        0x000000010d553e36 chromedriver + 4386358\n17  chromedriver                        0x000000010d5336de chromedriver + 4253406\n18  chromedriver                        0x000000010d554b79 chromedriver + 4389753\n19  chromedriver                        0x000000010d525a29 chromedriver + 4196905\n20  chromedriver                        0x000000010d574b28 chromedriver + 4520744\n21  chromedriver                        0x000000010d574d07 chromedriver + 4521223\n22  chromedriver                        0x000000010d585a93 chromedriver + 4590227\n23  libsystem_pthread.dylib             0x00007ff815dec1d3 _pthread_start + 125\n24  libsystem_pthread.dylib             0x00007ff815de7bd3 thread_start + 15\n\n", "trace": "  File \"/Library/Frameworks/Python.framework/Versions/3.10/lib/python3.10/site-packages/allure_commons/_allure.py\", line 192, in impl\n    return func(*a, **kw)\n  File \"/Users/olegnarushevich/QA_32_automation/SellerApp/pages/login_page.py\", line 51, in login_with_generated_username\n    self.wait.until(EC.element_to_be_clickable(self.SUBMIT_LOGIN)).click()\n  File \"/Library/Frameworks/Python.framework/Versions/3.10/lib/python3.10/site-packages/selenium/webdriver/remote/webelement.py\", line 93, in click\n    self._execute(Command.CLICK_ELEMENT)\n  File \"/Library/Frameworks/Python.framework/Versions/3.10/lib/python3.10/site-packages/selenium/webdriver/remote/webelement.py\", line 394, in _execute\n    return self._parent.execute(command, params)\n  File \"/Library/Frameworks/Python.framework/Versions/3.10/lib/python3.10/site-packages/selenium/webdriver/remote/webdriver.py\", line 347, in execute\n    self.error_handler.check_response(response)\n  File \"/Library/Frameworks/Python.framework/Versions/3.10/lib/python3.10/site-packages/selenium/webdriver/remote/errorhandler.py\", line 229, in check_response\n    raise exception_class(message, screen, stacktrace)\n"}, "parameters": [{"name": "username", "value": "'tester931@gmail.com'"}], "start": 1710327416271, "stop": 1710327417545}], "attachments": [{"name": "stdout", "source": "b7c9f67b-4afd-498c-ba4d-b0df9d251504-attachment.txt", "type": "text/plain"}], "start": 1710327397647, "stop": 1710327417557, "uuid": "a1b45eab-4007-42de-aa4a-cf8cf189992e", "historyId": "9873a47b9f9f4726cb0d39a07898a27b", "testCaseId": "9873a47b9f9f4726cb0d39a07898a27b", "fullName": "tests.sanity_tests.test_signup.TestSignup#test_successful_signup_with_images", "labels": [{"name": "severity", "value": "Critical"}, {"name": "feature", "value": "Sanity testing"}, {"name": "tag", "value": "sanity"}, {"name": "parentSuite", "value": "tests.sanity_tests"}, {"name": "suite", "value": "test_signup"}, {"name": "subSuite", "value": "TestSignup"}, {"name": "host", "value": "Olegs-MBP-2"}, {"name": "thread", "value": "71590-MainThread"}, {"name": "framework", "value": "pytest"}, {"name": "language", "value": "cpython3"}, {"name": "package", "value": "tests.sanity_tests.test_signup"}]}