{"name": "Add product and check", "status": "broken", "statusDetails": {"message": "selenium.common.exceptions.TimeoutException: Message: \nStacktrace:\n0   chromedriver                        0x0000000100a564c8 chromedriver + 4302024\n1   chromedriver                        0x0000000100a4ee10 chromedriver + 4271632\n2   chromedriver                        0x000000010068019c chromedriver + 278940\n3   chromedriver                        0x00000001006c22c4 chromedriver + 549572\n4   chromedriver                        0x00000001006fac5c chromedriver + 781404\n5   chromedriver                        0x00000001006b7004 chromedriver + 503812\n6   chromedriver                        0x00000001006b79ec chromedriver + 506348\n7   chromedriver                        0x0000000100a1e510 chromedriver + 4072720\n8   chromedriver                        0x0000000100a22fbc chromedriver + 4091836\n9   chromedriver                        0x0000000100a05754 chromedriver + 3970900\n10  chromedriver                        0x0000000100a238a4 chromedriver + 4094116\n11  chromedriver                        0x00000001009f86d4 chromedriver + 3917524\n12  chromedriver                        0x0000000100a40b08 chromedriver + 4213512\n13  chromedriver                        0x0000000100a40c84 chromedriver + 4213892\n14  chromedriver                        0x0000000100a4ea08 chromedriver + 4270600\n15  libsystem_pthread.dylib             0x0000000182a96f94 _pthread_start + 136\n16  libsystem_pthread.dylib             0x0000000182a91d34 thread_start + 8", "trace": "self = <test_add_product_API.TestAddProductE2E object at 0x1075232e0>, login = <pages.login_page.LoginPage object at 0x107648820>\n\n    @allure.title(\"Add product and check\")\n    @allure.severity(\"Critical\")\n    @pytest.mark.smoke\n    def test_add_product_e2e(self, login):\n        with allure.step(\"Open inventory page\"):\n            self.inventory_page.is_opened()\n    \n        # with allure.step(\"Open add product page\"):\n        #     self.add_product_page.open_add_page()\n        #\n        # with allure.step(\"Enter barcode and select product\"):\n        #     expected_sku = self.add_product_page.enter_barcode_autocomplete(6912301014638)\n        #     self.add_product_page.select_product_autocomplete()\n        #     self.add_product_page.click_done_button()\n    \n        with allure.step(\"Wait for API response\"):\n            # Увеличьте время ожидания для обновления данных\n            time.sleep(10)\n    \n        with allure.step(\"Get product name\"):\n>           product_name = self.add_product_page.get_name()\n\ntests/e2e_tests/test_add_product_API.py:32: \n_ _ _ _ _ _ _ _ _ _ _ _ _ _ _ _ _ _ _ _ _ _ _ _ _ _ _ _ _ _ _ _ _ _ _ _ _ _ _ _ _ _ _ _ _ _ _ _ _ _ _ _ _ _ _ _ _ _ _ _ _ _ _ _ _ _ _ _ _ _ _ _ _ _ _ _ _ _ _ _ _ \npages/add_product_page.py:63: in get_name\n    name = self.wait.until(EC.presence_of_element_located(self.NAME_FIELD)).text\n_ _ _ _ _ _ _ _ _ _ _ _ _ _ _ _ _ _ _ _ _ _ _ _ _ _ _ _ _ _ _ _ _ _ _ _ _ _ _ _ _ _ _ _ _ _ _ _ _ _ _ _ _ _ _ _ _ _ _ _ _ _ _ _ _ _ _ _ _ _ _ _ _ _ _ _ _ _ _ _ _ \n\nself = <selenium.webdriver.support.wait.WebDriverWait (session=\"32dcd7f78f780b890c9c5ee91b850cf8\")>\nmethod = <function presence_of_element_located.<locals>._predicate at 0x10401a560>, message = ''\n\n    def until(self, method: Callable[[WebDriver], Union[Literal[False], T]], message: str = \"\") -> T:\n        \"\"\"Calls the method provided with the driver as an argument until the \\\n        return value does not evaluate to ``False``.\n    \n        :param method: callable(WebDriver)\n        :param message: optional message for :exc:`TimeoutException`\n        :returns: the result of the last call to `method`\n        :raises: :exc:`selenium.common.exceptions.TimeoutException` if timeout occurs\n        \"\"\"\n        screen = None\n        stacktrace = None\n    \n        end_time = time.monotonic() + self._timeout\n        while True:\n            try:\n                value = method(self._driver)\n                if value:\n                    return value\n            except self._ignored_exceptions as exc:\n                screen = getattr(exc, \"screen\", None)\n                stacktrace = getattr(exc, \"stacktrace\", None)\n            time.sleep(self._poll)\n            if time.monotonic() > end_time:\n                break\n>       raise TimeoutException(message, screen, stacktrace)\nE       selenium.common.exceptions.TimeoutException: Message: \nE       Stacktrace:\nE       0   chromedriver                        0x0000000100a564c8 chromedriver + 4302024\nE       1   chromedriver                        0x0000000100a4ee10 chromedriver + 4271632\nE       2   chromedriver                        0x000000010068019c chromedriver + 278940\nE       3   chromedriver                        0x00000001006c22c4 chromedriver + 549572\nE       4   chromedriver                        0x00000001006fac5c chromedriver + 781404\nE       5   chromedriver                        0x00000001006b7004 chromedriver + 503812\nE       6   chromedriver                        0x00000001006b79ec chromedriver + 506348\nE       7   chromedriver                        0x0000000100a1e510 chromedriver + 4072720\nE       8   chromedriver                        0x0000000100a22fbc chromedriver + 4091836\nE       9   chromedriver                        0x0000000100a05754 chromedriver + 3970900\nE       10  chromedriver                        0x0000000100a238a4 chromedriver + 4094116\nE       11  chromedriver                        0x00000001009f86d4 chromedriver + 3917524\nE       12  chromedriver                        0x0000000100a40b08 chromedriver + 4213512\nE       13  chromedriver                        0x0000000100a40c84 chromedriver + 4213892\nE       14  chromedriver                        0x0000000100a4ea08 chromedriver + 4270600\nE       15  libsystem_pthread.dylib             0x0000000182a96f94 _pthread_start + 136\nE       16  libsystem_pthread.dylib             0x0000000182a91d34 thread_start + 8\n\nvenv/lib/python3.10/site-packages/selenium/webdriver/support/wait.py:101: TimeoutException"}, "steps": [{"name": "Open inventory page", "status": "passed", "steps": [{"name": "Page https://seller-app-stg.web.app/40/inventory is opened", "status": "passed", "start": 1718455679845, "stop": 1718455679850}], "start": 1718455679845, "stop": 1718455679850}, {"name": "Wait for API response", "status": "passed", "start": 1718455679850, "stop": 1718455689855}, {"name": "Get product name", "status": "broken", "statusDetails": {"message": "selenium.common.exceptions.TimeoutException: Message: \nStacktrace:\n0   chromedriver                        0x0000000100a564c8 chromedriver + 4302024\n1   chromedriver                        0x0000000100a4ee10 chromedriver + 4271632\n2   chromedriver                        0x000000010068019c chromedriver + 278940\n3   chromedriver                        0x00000001006c22c4 chromedriver + 549572\n4   chromedriver                        0x00000001006fac5c chromedriver + 781404\n5   chromedriver                        0x00000001006b7004 chromedriver + 503812\n6   chromedriver                        0x00000001006b79ec chromedriver + 506348\n7   chromedriver                        0x0000000100a1e510 chromedriver + 4072720\n8   chromedriver                        0x0000000100a22fbc chromedriver + 4091836\n9   chromedriver                        0x0000000100a05754 chromedriver + 3970900\n10  chromedriver                        0x0000000100a238a4 chromedriver + 4094116\n11  chromedriver                        0x00000001009f86d4 chromedriver + 3917524\n12  chromedriver                        0x0000000100a40b08 chromedriver + 4213512\n13  chromedriver                        0x0000000100a40c84 chromedriver + 4213892\n14  chromedriver                        0x0000000100a4ea08 chromedriver + 4270600\n15  libsystem_pthread.dylib             0x0000000182a96f94 _pthread_start + 136\n16  libsystem_pthread.dylib             0x0000000182a91d34 thread_start + 8\n\n", "trace": "  File \"/Users/ekaterinasimakova/QA_automation/SellerApp/tests/e2e_tests/test_add_product_API.py\", line 32, in test_add_product_e2e\n    product_name = self.add_product_page.get_name()\n  File \"/Users/ekaterinasimakova/QA_automation/SellerApp/venv/lib/python3.10/site-packages/allure_commons/_allure.py\", line 192, in impl\n    return func(*a, **kw)\n  File \"/Users/ekaterinasimakova/QA_automation/SellerApp/pages/add_product_page.py\", line 63, in get_name\n    name = self.wait.until(EC.presence_of_element_located(self.NAME_FIELD)).text\n  File \"/Users/ekaterinasimakova/QA_automation/SellerApp/venv/lib/python3.10/site-packages/selenium/webdriver/support/wait.py\", line 101, in until\n    raise TimeoutException(message, screen, stacktrace)\n"}, "steps": [{"name": "Get name from name field", "status": "broken", "statusDetails": {"message": "selenium.common.exceptions.TimeoutException: Message: \nStacktrace:\n0   chromedriver                        0x0000000100a564c8 chromedriver + 4302024\n1   chromedriver                        0x0000000100a4ee10 chromedriver + 4271632\n2   chromedriver                        0x000000010068019c chromedriver + 278940\n3   chromedriver                        0x00000001006c22c4 chromedriver + 549572\n4   chromedriver                        0x00000001006fac5c chromedriver + 781404\n5   chromedriver                        0x00000001006b7004 chromedriver + 503812\n6   chromedriver                        0x00000001006b79ec chromedriver + 506348\n7   chromedriver                        0x0000000100a1e510 chromedriver + 4072720\n8   chromedriver                        0x0000000100a22fbc chromedriver + 4091836\n9   chromedriver                        0x0000000100a05754 chromedriver + 3970900\n10  chromedriver                        0x0000000100a238a4 chromedriver + 4094116\n11  chromedriver                        0x00000001009f86d4 chromedriver + 3917524\n12  chromedriver                        0x0000000100a40b08 chromedriver + 4213512\n13  chromedriver                        0x0000000100a40c84 chromedriver + 4213892\n14  chromedriver                        0x0000000100a4ea08 chromedriver + 4270600\n15  libsystem_pthread.dylib             0x0000000182a96f94 _pthread_start + 136\n16  libsystem_pthread.dylib             0x0000000182a91d34 thread_start + 8\n\n", "trace": "  File \"/Users/ekaterinasimakova/QA_automation/SellerApp/venv/lib/python3.10/site-packages/allure_commons/_allure.py\", line 192, in impl\n    return func(*a, **kw)\n  File \"/Users/ekaterinasimakova/QA_automation/SellerApp/pages/add_product_page.py\", line 63, in get_name\n    name = self.wait.until(EC.presence_of_element_located(self.NAME_FIELD)).text\n  File \"/Users/ekaterinasimakova/QA_automation/SellerApp/venv/lib/python3.10/site-packages/selenium/webdriver/support/wait.py\", line 101, in until\n    raise TimeoutException(message, screen, stacktrace)\n"}, "start": 1718455689856, "stop": 1718455705111}], "start": 1718455689855, "stop": 1718455705115}], "attachments": [{"name": "stdout", "source": "93bdb0d9-2633-4593-98a5-fe2ba0d14140-attachment.txt", "type": "text/plain"}], "start": 1718455679844, "stop": 1718455705116, "uuid": "7717d5b7-050a-4bd3-92b2-fa0161969dcc", "historyId": "f6848b911e2ca9e9d40ded56cabf2330", "testCaseId": "f6848b911e2ca9e9d40ded56cabf2330", "fullName": "tests.e2e_tests.test_add_product_API.TestAddProductE2E#test_add_product_e2e", "labels": [{"name": "severity", "value": "Critical"}, {"name": "feature", "value": "E2E"}, {"name": "tag", "value": "smoke"}, {"name": "parentSuite", "value": "tests.e2e_tests"}, {"name": "suite", "value": "test_add_product_API"}, {"name": "subSuite", "value": "TestAddProductE2E"}, {"name": "host", "value": "Ekaterinas-MBP"}, {"name": "thread", "value": "53262-MainThread"}, {"name": "framework", "value": "pytest"}, {"name": "language", "value": "cpython3"}, {"name": "package", "value": "tests.e2e_tests.test_add_product_API"}]}